<?xml version="1.0" encoding="UTF-8"?>
<coverage generated="1679001985020" clover="3.2.0">
  <project timestamp="1679001985020" name="All files">
    <metrics statements="5" coveredstatements="5" conditionals="0" coveredconditionals="0" methods="0" coveredmethods="0" elements="5" coveredelements="5" complexity="0" loc="5" ncloc="5" packages="1" files="2" classes="2"/>
    <file name="User.js" path="C:\Users\bolto\Documents\Code\vgc-back-end\src\models\User.js">
      <metrics statements="4" coveredstatements="4" conditionals="0" coveredconditionals="0" methods="0" coveredmethods="0"/>
      <line num="1" count="1" type="stmt"/>
      <line num="3" count="1" type="stmt"/>
      <line num="39" count="1" type="stmt"/>
      <line num="41" count="1" type="stmt"/>
    </file>
    <file name="index.js" path="C:\Users\bolto\Documents\Code\vgc-back-end\src\models\index.js">
      <metrics statements="1" coveredstatements="1" conditionals="0" coveredconditionals="0" methods="0" coveredmethods="0"/>
      <line num="1" count="1" type="stmt"/>
    </file>
  </project>
</coverage>
