<?xml version="1.0" encoding="UTF-8"?>
<coverage generated="1679004584363" clover="3.2.0">
  <project timestamp="1679004584363" name="All files">
    <metrics statements="14" coveredstatements="14" conditionals="0" coveredconditionals="0" methods="0" coveredmethods="0" elements="14" coveredelements="14" complexity="0" loc="14" ncloc="14" packages="1" files="4" classes="4"/>
    <file name="index.js" path="C:\Users\bolto\Documents\Code\vgc-back-end\src\models\index.js">
      <metrics statements="1" coveredstatements="1" conditionals="0" coveredconditionals="0" methods="0" coveredmethods="0"/>
      <line num="1" count="3" type="stmt"/>
    </file>
    <file name="league.js" path="C:\Users\bolto\Documents\Code\vgc-back-end\src\models\league.js">
      <metrics statements="5" coveredstatements="5" conditionals="0" coveredconditionals="0" methods="0" coveredmethods="0"/>
      <line num="1" count="3" type="stmt"/>
      <line num="2" count="3" type="stmt"/>
      <line num="4" count="3" type="stmt"/>
      <line num="25" count="3" type="stmt"/>
      <line num="27" count="3" type="stmt"/>
    </file>
    <file name="team.js" path="C:\Users\bolto\Documents\Code\vgc-back-end\src\models\team.js">
      <metrics statements="4" coveredstatements="4" conditionals="0" coveredconditionals="0" methods="0" coveredmethods="0"/>
      <line num="1" count="3" type="stmt"/>
      <line num="3" count="3" type="stmt"/>
      <line num="21" count="3" type="stmt"/>
      <line num="23" count="3" type="stmt"/>
    </file>
    <file name="user.js" path="C:\Users\bolto\Documents\Code\vgc-back-end\src\models\user.js">
      <metrics statements="4" coveredstatements="4" conditionals="0" coveredconditionals="0" methods="0" coveredmethods="0"/>
      <line num="1" count="3" type="stmt"/>
      <line num="3" count="3" type="stmt"/>
      <line num="39" count="3" type="stmt"/>
      <line num="41" count="3" type="stmt"/>
    </file>
  </project>
</coverage>
