{"C:\\Users\\bolto\\Documents\\Code\\vgc-back-end\\src\\models\\User.js": {"path":"C:\\Users\\bolto\\Documents\\Code\\vgc-back-end\\src\\models\\User.js","statementMap":{"0":{"start":{"line":1,"column":26},"end":{"line":1,"column":45}},"1":{"start":{"line":3,"column":19},"end":{"line":37,"column":2}},"2":{"start":{"line":39,"column":13},"end":{"line":39,"column":38}},"3":{"start":{"line":41,"column":0},"end":{"line":41,"column":22}}},"fnMap":{},"branchMap":{},"s":{"0":1,"1":1,"2":1,"3":1},"f":{},"b":{},"_coverageSchema":"1a1c01bbd47fc00a2c39e90264f33305004495a9","hash":"c87766e2e76bb19cd3741221f270247b47a3e6ed"}
,"C:\\Users\\bolto\\Documents\\Code\\vgc-back-end\\src\\models\\index.js": {"path":"C:\\Users\\bolto\\Documents\\Code\\vgc-back-end\\src\\models\\index.js","statementMap":{"0":{"start":{"line":1,"column":0},"end":{"line":3,"column":2}}},"fnMap":{},"branchMap":{},"s":{"0":1},"f":{},"b":{},"_coverageSchema":"1a1c01bbd47fc00a2c39e90264f33305004495a9","hash":"eb2c15588c0a01e8629510f90dc69d7f561a8204"}
}
