{"C:\\Users\\bolto\\Documents\\Code\\vgc-back-end\\src\\models\\index.js": {"path":"C:\\Users\\bolto\\Documents\\Code\\vgc-back-end\\src\\models\\index.js","statementMap":{"0":{"start":{"line":1,"column":0},"end":{"line":5,"column":2}}},"fnMap":{},"branchMap":{},"s":{"0":3},"f":{},"b":{},"_coverageSchema":"1a1c01bbd47fc00a2c39e90264f33305004495a9","hash":"5d5ae69064c4f98fdf5b08f504ce9b8cc9ac7b58"}
,"C:\\Users\\bolto\\Documents\\Code\\vgc-back-end\\src\\models\\league.js": {"path":"C:\\Users\\bolto\\Documents\\Code\\vgc-back-end\\src\\models\\league.js","statementMap":{"0":{"start":{"line":1,"column":17},"end":{"line":1,"column":36}},"1":{"start":{"line":2,"column":15},"end":{"line":2,"column":30}},"2":{"start":{"line":4,"column":21},"end":{"line":23,"column":2}},"3":{"start":{"line":25,"column":15},"end":{"line":25,"column":53}},"4":{"start":{"line":27,"column":0},"end":{"line":27,"column":24}}},"fnMap":{},"branchMap":{},"s":{"0":3,"1":3,"2":3,"3":3,"4":3},"f":{},"b":{},"_coverageSchema":"1a1c01bbd47fc00a2c39e90264f33305004495a9","hash":"3239de1d4da57fea81a5049582a0e8275586e928"}
,"C:\\Users\\bolto\\Documents\\Code\\vgc-back-end\\src\\models\\team.js": {"path":"C:\\Users\\bolto\\Documents\\Code\\vgc-back-end\\src\\models\\team.js","statementMap":{"0":{"start":{"line":1,"column":26},"end":{"line":1,"column":45}},"1":{"start":{"line":3,"column":19},"end":{"line":19,"column":2}},"2":{"start":{"line":21,"column":13},"end":{"line":21,"column":38}},"3":{"start":{"line":23,"column":0},"end":{"line":23,"column":22}}},"fnMap":{},"branchMap":{},"s":{"0":3,"1":3,"2":3,"3":3},"f":{},"b":{},"_coverageSchema":"1a1c01bbd47fc00a2c39e90264f33305004495a9","hash":"4da996cc51e2dd961a9a18e489eff3384cfd94db"}
,"C:\\Users\\bolto\\Documents\\Code\\vgc-back-end\\src\\models\\user.js": {"path":"C:\\Users\\bolto\\Documents\\Code\\vgc-back-end\\src\\models\\user.js","statementMap":{"0":{"start":{"line":1,"column":26},"end":{"line":1,"column":45}},"1":{"start":{"line":3,"column":19},"end":{"line":37,"column":2}},"2":{"start":{"line":39,"column":13},"end":{"line":39,"column":38}},"3":{"start":{"line":41,"column":0},"end":{"line":41,"column":22}}},"fnMap":{},"branchMap":{},"s":{"0":3,"1":3,"2":3,"3":3},"f":{},"b":{},"_coverageSchema":"1a1c01bbd47fc00a2c39e90264f33305004495a9","hash":"bf60c19eb1409b8584d3678ed49c9bd045b5836c"}
}
